<?xml version="1.0" encoding="UTF-8"?>
<!-- Generated by org.testng.reporters.JUnitReportReporter -->
<testsuite skipped="0" hostname="Vandamm-ПК" name="com.dice.FirstTest" tests="1" failures="0" timestamp="04 сен 2017 16:59:49 GMT" time="23.118" errors="0">
  <testcase name="openDice" time="23.118" classname="com.dice.FirstTest"/>
</testsuite> <!-- com.dice.FirstTest -->
