<?xml version="1.0" encoding="UTF-8"?>
<!-- Generated by org.testng.reporters.JUnitReportReporter -->
<testsuite skipped="0" hostname="Vandamm-ПК" name="com.dice.FirstTest" tests="2" failures="0" timestamp="03 сен 2017 19:22:10 GMT" time="25.674" errors="0">
  <testcase name="firstTestMethod" time="21.224" classname="com.dice.FirstTest"/>
  <testcase name="secondTestMethod" time="4.450" classname="com.dice.FirstTest"/>
</testsuite> <!-- com.dice.FirstTest -->
